

times in msec
 clock   self+sourced   self:  sourced script
 clock   elapsed:              other lines

000.019  000.019: --- NVIM STARTING ---
001.352  001.333: locale set
007.735  006.383: inits 1
007.790  000.055: window checked
012.419  004.629: parsing arguments
013.229  000.810: expanding arguments
013.327  000.098: inits 2
013.851  000.524: init highlight
013.853  000.002: waiting for UI
017.468  003.615: done waiting for UI
017.502  000.034: init screen for UI
017.533  000.031: init default mappings
020.296  002.763: init default autocommands
039.206  003.416  003.416: sourcing /Users/jamesclark/.local/share/nvim/site/pack/packer/start/tokyonight.nvim/colors/tokyonight.vim
046.975  025.902  022.486: sourcing /Users/jamesclark/.config/nvim/init.lua
047.035  000.837: sourcing vimrc file(s)
047.483  000.053  000.053: sourcing /Users/jamesclark/.local/share/nvim/site/pack/packer/start/filetype.nvim/filetype.vim
048.127  000.047  000.047: sourcing /usr/local/Cellar/neovim/0.6.1/share/nvim/runtime/filetype.vim
048.902  000.124  000.124: sourcing /usr/local/Cellar/neovim/0.6.1/share/nvim/runtime/ftplugin.vim
051.471  000.084  000.084: sourcing /usr/local/Cellar/neovim/0.6.1/share/nvim/runtime/indent.vim
052.708  000.148  000.148: sourcing /usr/local/Cellar/neovim/0.6.1/share/nvim/runtime/syntax/synload.vim
052.839  000.984  000.836: sourcing /usr/local/Cellar/neovim/0.6.1/share/nvim/runtime/syntax/syntax.vim
056.511  000.033  000.033: sourcing /usr/local/Cellar/neovim/0.6.1/share/nvim/runtime/plugin/gzip.vim
056.798  000.032  000.032: sourcing /usr/local/Cellar/neovim/0.6.1/share/nvim/runtime/plugin/health.vim
057.144  000.068  000.068: sourcing /usr/local/Cellar/neovim/0.6.1/share/nvim/runtime/plugin/man.vim
057.618  000.030  000.030: sourcing /usr/local/Cellar/neovim/0.6.1/share/nvim/runtime/plugin/matchit.vim
058.381  000.386  000.386: sourcing /usr/local/Cellar/neovim/0.6.1/share/nvim/runtime/plugin/matchparen.vim
059.170  000.377  000.377: sourcing /usr/local/Cellar/neovim/0.6.1/share/nvim/runtime/plugin/netrwPlugin.vim
059.913  000.020  000.020: sourcing /Users/jamesclark/.local/share/nvim/rplugin.vim
059.932  000.400  000.380: sourcing /usr/local/Cellar/neovim/0.6.1/share/nvim/runtime/plugin/rplugin.vim
060.319  000.091  000.091: sourcing /usr/local/Cellar/neovim/0.6.1/share/nvim/runtime/plugin/shada.vim
060.598  000.030  000.030: sourcing /usr/local/Cellar/neovim/0.6.1/share/nvim/runtime/plugin/spellfile.vim
061.136  000.063  000.063: sourcing /usr/local/Cellar/neovim/0.6.1/share/nvim/runtime/plugin/tarPlugin.vim
061.543  000.040  000.040: sourcing /usr/local/Cellar/neovim/0.6.1/share/nvim/runtime/plugin/tohtml.vim
061.909  000.052  000.052: sourcing /usr/local/Cellar/neovim/0.6.1/share/nvim/runtime/plugin/tutor.vim
062.564  000.057  000.057: sourcing /usr/local/Cellar/neovim/0.6.1/share/nvim/runtime/plugin/zipPlugin.vim
063.910  013.925: loading rtp plugins
065.660  000.109  000.109: sourcing /Users/jamesclark/.local/share/nvim/site/pack/packer/start/bufdelete.nvim/plugin/bufdelete.vim
068.039  000.212  000.212: sourcing /Users/jamesclark/.local/share/nvim/site/pack/packer/start/dashboard-nvim/plugin/dashboard.vim
069.653  000.307  000.307: sourcing /Users/jamesclark/.local/share/nvim/site/pack/packer/start/hop.nvim/plugin/hop.vim
071.475  000.526  000.526: sourcing /Users/jamesclark/.local/share/nvim/site/pack/packer/start/indent-blankline.nvim/plugin/indent_blankline.vim
072.757  000.062  000.062: sourcing /Users/jamesclark/.local/share/nvim/site/pack/packer/start/mdeval.nvim/plugin/mdeval.vim
076.287  002.409  002.409: sourcing /Users/jamesclark/.local/share/nvim/site/pack/packer/start/nvim-cmp/plugin/cmp.lua
078.358  001.291  001.291: sourcing /Users/jamesclark/.local/share/nvim/site/pack/packer/start/nvim-gps/plugin/nvim-gps.vim
084.017  004.847  004.847: sourcing /Users/jamesclark/.local/share/nvim/site/pack/packer/start/nvim-lspconfig/plugin/lspconfig.vim
085.577  000.614  000.614: sourcing /Users/jamesclark/.local/share/nvim/site/pack/packer/start/nvim-treesitter/plugin/nvim-treesitter.vim
087.886  000.453  000.453: sourcing /Users/jamesclark/.local/share/nvim/site/pack/packer/start/nvim-treesitter-context/plugin/treesitter-context.vim
089.461  000.184  000.184: sourcing /Users/jamesclark/.local/share/nvim/site/pack/packer/start/nvim-ts-rainbow/plugin/rainbow.vim
091.367  001.111  001.111: sourcing /Users/jamesclark/.local/share/nvim/site/pack/packer/start/octo.nvim/plugin/octo.vim
093.004  000.066  000.066: sourcing /Users/jamesclark/.local/share/nvim/site/pack/packer/start/plenary.nvim/plugin/plenary.vim
094.536  000.071  000.071: sourcing /Users/jamesclark/.local/share/nvim/site/pack/packer/start/toggleterm.nvim/plugin/toggleterm.vim
096.416  000.302  000.302: sourcing /Users/jamesclark/.local/share/nvim/site/pack/packer/start/vim-commentary/plugin/commentary.vim
097.936  000.043  000.043: sourcing /Users/jamesclark/.local/share/nvim/site/pack/packer/start/which-key.nvim/plugin/which-key.vim
098.862  022.346: loading packages
104.649  000.656  000.656: sourcing /Users/jamesclark/.local/share/nvim/site/pack/packer/start/cmp-nvim-lsp/after/plugin/cmp_nvim_lsp.lua
106.754  001.643  001.643: sourcing /Users/jamesclark/.local/share/nvim/site/pack/packer/start/cmp-nvim-lsp-document-symbol/after/plugin/cmp_nvim_lsp_document_symbol.lua
107.962  000.424  000.424: sourcing /Users/jamesclark/.local/share/nvim/site/pack/packer/start/cmp-nvim-lua/after/plugin/cmp_nvim_lua.lua
108.067  006.483: loading after plugins
108.080  000.013: inits 3
113.462  005.382: reading ShaDa
115.245  001.783: opening buffers
115.275  000.030: BufEnter autocommands
115.278  000.003: editing files in windows
